<?xml version="1.0" encoding="UTF-8"?>
<!-- Generated by org.testng.reporters.JUnitReportReporter -->
<testsuite hostname="Admin" failures="0" tests="2" name="com.nopcommerce.user.User_01_Register_Login" time="0.002" errors="0" timestamp="18 Aug 2022 17:33:12 GMT" skipped="0">
  <testcase classname="com.nopcommerce.user.User_01_Register_Login" name="TC_01" time="0.002"/>
  <testcase classname="com.nopcommerce.user.User_01_Register_Login" name="TC_02" time="0.000"/>
</testsuite> <!-- com.nopcommerce.user.User_01_Register_Login -->
