<?xml version="1.0" encoding="UTF-8"?>
<!-- Generated by org.testng.reporters.JUnitReportReporter -->
<<<<<<< HEAD
<testsuite hostname="VN-MF10-NC100S7" failures="0" tests="2" name="com.nopcommerce.user.User_01_Register_Login" time="0.007" errors="0" timestamp="19 Aug 2022 02:18:19 GMT" skipped="0">
  <testcase classname="com.nopcommerce.user.User_01_Register_Login" name="TC_01" time="0.005"/>
  <testcase classname="com.nopcommerce.user.User_01_Register_Login" name="TC_02" time="0.002"/>
=======
<testsuite hostname="Admin" failures="0" tests="2" name="com.nopcommerce.user.User_01_Register_Login" time="0.003" errors="0" timestamp="18 Aug 2022 17:41:43 GMT" skipped="0">
  <testcase classname="com.nopcommerce.user.User_01_Register_Login" name="TC_01" time="0.002"/>
  <testcase classname="com.nopcommerce.user.User_01_Register_Login" name="TC_02" time="0.001"/>
>>>>>>> branch 'master' of https://github.com/cuongtruongkhanh/hybrid-framework-nopcommerce
</testsuite> <!-- com.nopcommerce.user.User_01_Register_Login -->
